# JRE version: OpenJDK Runtime Environment (11.0.11+9) (build 11.0.11+9-b60-7590822)
# Java VM: OpenJDK 64-Bit Server VM (11.0.11+9-b60-7590822, mixed mode, tiered, compressed oops, g1 gc, windows-amd64)
Heap:
 garbage-first heap   total 260096K, used 147398K [0x00000000a0000000, 0x0000000100000000)
  region size 1024K, 20 young (20480K), 6 survivors (6144K)
 Metaspace       used 87399K, capacity 91355K, committed 91564K, reserved 1128448K
  class space    used 11300K, capacity 12511K, committed 12544K, reserved 1048576K
GC Heap History (20 events):
Event: 7.283 GC heap before
{Heap before GC invocations=6 (full 0):
 garbage-first heap   total 260096K, used 125705K [0x00000000a0000000, 0x0000000100000000)
  region size 1024K, 105 young (107520K), 6 survivors (6144K)
 Metaspace       used 43889K, capacity 44850K, committed 44928K, reserved 1087488K
  class space    used 5613K, capacity 5961K, committed 6016K, reserved 1048576K
}
Event: 7.310 GC heap after
{Heap after GC invocations=7 (full 0):
 garbage-first heap   total 260096K, used 27459K [0x00000000a0000000, 0x0000000100000000)
  region size 1024K, 12 young (12288K), 12 survivors (12288K)
 Metaspace       used 43889K, capacity 44850K, committed 44928K, reserved 1087488K
  class space    used 5613K, capacity 5961K, committed 6016K, reserved 1048576K
}
Event: 8.876 GC heap before
{Heap before GC invocations=8 (full 0):
 garbage-first heap   total 260096K, used 159555K [0x00000000a0000000, 0x0000000100000000)
  region size 1024K, 134 young (137216K), 12 survivors (12288K)
 Metaspace       used 53663K, capacity 55031K, committed 55296K, reserved 1097728K
  class space    used 6812K, capacity 7301K, committed 7424K, reserved 1048576K
}
Event: 8.893 GC heap after
{Heap after GC invocations=9 (full 0):
 garbage-first heap   total 260096K, used 45462K [0x00000000a0000000, 0x0000000100000000)
  region size 1024K, 17 young (17408K), 17 survivors (17408K)
 Metaspace       used 53663K, capacity 55031K, committed 55296K, reserved 1097728K
  class space    used 6812K, capacity 7301K, committed 7424K, reserved 1048576K
}
Event: 10.836 GC heap before
{Heap before GC invocations=9 (full 0):
 garbage-first heap   total 260096K, used 180630K [0x00000000a0000000, 0x0000000100000000)
  region size 1024K, 148 young (151552K), 17 survivors (17408K)
 Metaspace       used 62759K, capacity 64329K, committed 64640K, reserved 1105920K
  class space    used 7929K, capacity 8483K, committed 8576K, reserved 1048576K
}
Event: 10.856 GC heap after
{Heap after GC invocations=10 (full 0):
 garbage-first heap   total 260096K, used 53387K [0x00000000a0000000, 0x0000000100000000)
  region size 1024K, 9 young (9216K), 9 survivors (9216K)
 Metaspace       used 62759K, capacity 64329K, committed 64640K, reserved 1105920K
  class space    used 7929K, capacity 8483K, committed 8576K, reserved 1048576K
}
Event: 13.051 GC heap before
{Heap before GC invocations=10 (full 0):
 garbage-first heap   total 260096K, used 187531K [0x00000000a0000000, 0x0000000100000000)
  region size 1024K, 140 young (143360K), 9 survivors (9216K)
 Metaspace       used 70346K, capacity 72280K, committed 72320K, reserved 1112064K
  class space    used 9116K, capacity 9829K, committed 9856K, reserved 1048576K
}
Event: 13.072 GC heap after
{Heap after GC invocations=11 (full 0):
 garbage-first heap   total 260096K, used 63485K [0x00000000a0000000, 0x0000000100000000)
  region size 1024K, 18 young (18432K), 18 survivors (18432K)
 Metaspace       used 70346K, capacity 72280K, committed 72320K, reserved 1112064K
  class space    used 9116K, capacity 9829K, committed 9856K, reserved 1048576K
}
Event: 14.032 GC heap before
{Heap before GC invocations=11 (full 0):
 garbage-first heap   total 260096K, used 127997K [0x00000000a0000000, 0x0000000100000000)
  region size 1024K, 83 young (84992K), 18 survivors (18432K)
 Metaspace       used 72952K, capacity 75148K, committed 75308K, reserved 1114112K
  class space    used 9477K, capacity 10251K, committed 10368K, reserved 1048576K
}
Event: 14.087 GC heap after
{Heap after GC invocations=12 (full 0):
 garbage-first heap   total 260096K, used 73670K [0x00000000a0000000, 0x0000000100000000)
  region size 1024K, 10 young (10240K), 10 survivors (10240K)
 Metaspace       used 72952K, capacity 75148K, committed 75308K, reserved 1114112K
  class space    used 9477K, capacity 10251K, committed 10368K, reserved 1048576K
}
Event: 15.805 GC heap before
{Heap before GC invocations=13 (full 0):
 garbage-first heap   total 260096K, used 185286K [0x00000000a0000000, 0x0000000100000000)
  region size 1024K, 113 young (115712K), 10 survivors (10240K)
 Metaspace       used 74483K, capacity 77751K, committed 77996K, reserved 1116160K
  class space    used 9642K, capacity 10638K, committed 10752K, reserved 1048576K
}
Event: 15.832 GC heap after
{Heap after GC invocations=14 (full 0):
 garbage-first heap   total 260096K, used 99325K [0x00000000a0000000, 0x0000000100000000)
  region size 1024K, 15 young (15360K), 15 survivors (15360K)
 Metaspace       used 74483K, capacity 77751K, committed 77996K, reserved 1116160K
  class space    used 9642K, capacity 10638K, committed 10752K, reserved 1048576K
}
Event: 17.304 GC heap before
{Heap before GC invocations=15 (full 0):
 garbage-first heap   total 260096K, used 190461K [0x00000000a0000000, 0x0000000100000000)
  region size 1024K, 102 young (104448K), 15 survivors (15360K)
 Metaspace       used 79062K, capacity 82676K, committed 82860K, reserved 1120256K
  class space    used 10337K, capacity 11426K, committed 11520K, reserved 1048576K
}
Event: 17.327 GC heap after
{Heap after GC invocations=16 (full 0):
 garbage-first heap   total 260096K, used 115525K [0x00000000a0000000, 0x0000000100000000)
  region size 1024K, 12 young (12288K), 12 survivors (12288K)
 Metaspace       used 79062K, capacity 82676K, committed 82860K, reserved 1120256K
  class space    used 10337K, capacity 11426K, committed 11520K, reserved 1048576K
}
Event: 18.578 GC heap before
{Heap before GC invocations=16 (full 0):
 garbage-first heap   total 260096K, used 196421K [0x00000000a0000000, 0x0000000100000000)
  region size 1024K, 91 young (93184K), 12 survivors (12288K)
 Metaspace       used 81857K, capacity 85616K, committed 85804K, reserved 1124352K
  class space    used 10696K, capacity 11836K, committed 11904K, reserved 1048576K
}
Event: 18.603 GC heap after
{Heap after GC invocations=17 (full 0):
 garbage-first heap   total 260096K, used 129024K [0x00000000a0000000, 0x0000000100000000)
  region size 1024K, 12 young (12288K), 12 survivors (12288K)
 Metaspace       used 81857K, capacity 85616K, committed 85804K, reserved 1124352K
  class space    used 10696K, capacity 11836K, committed 11904K, reserved 1048576K
}
Event: 18.917 GC heap before
{Heap before GC invocations=17 (full 0):
 garbage-first heap   total 260096K, used 144384K [0x00000000a0000000, 0x0000000100000000)
  region size 1024K, 29 young (29696K), 12 survivors (12288K)
 Metaspace       used 82582K, capacity 86358K, committed 86700K, reserved 1124352K
  class space    used 10806K, capacity 11911K, committed 12032K, reserved 1048576K
}
Event: 18.943 GC heap after
{Heap after GC invocations=18 (full 0):
 garbage-first heap   total 260096K, used 133519K [0x00000000a0000000, 0x0000000100000000)
  region size 1024K, 4 young (4096K), 4 survivors (4096K)
 Metaspace       used 82582K, capacity 86358K, committed 86700K, reserved 1124352K
  class space    used 10806K, capacity 11911K, committed 12032K, reserved 1048576K
}
Event: 20.492 GC heap before
{Heap before GC invocations=19 (full 0):
 garbage-first heap   total 260096K, used 185743K [0x00000000a0000000, 0x0000000100000000)
  region size 1024K, 54 young (55296K), 4 survivors (4096K)
 Metaspace       used 85151K, capacity 89038K, committed 89132K, reserved 1126400K
  class space    used 11136K, capacity 12345K, committed 12416K, reserved 1048576K
}
Event: 20.499 GC heap after
{Heap after GC invocations=20 (full 0):
 garbage-first heap   total 260096K, used 135110K [0x00000000a0000000, 0x0000000100000000)
  region size 1024K, 6 young (6144K), 6 survivors (6144K)
 Metaspace       used 85151K, capacity 89038K, committed 89132K, reserved 1126400K
  class space    used 11136K, capacity 12345K, committed 12416K, reserved 1048576K
}

