# JRE version: OpenJDK Runtime Environment (11.0.11+9) (build 11.0.11+9-b60-7590822)
# Java VM: OpenJDK 64-Bit Server VM (11.0.11+9-b60-7590822, mixed mode, tiered, compressed oops, g1 gc, windows-amd64)
Heap:
 garbage-first heap   total 260096K, used 145355K [0x00000000a0000000, 0x0000000100000000)
  region size 1024K, 48 young (49152K), 13 survivors (13312K)
 Metaspace       used 82534K, capacity 85912K, committed 86264K, reserved 1124352K
  class space    used 10838K, capacity 11899K, committed 12024K, reserved 1048576K
GC Heap History (20 events):
Event: 1.860 GC heap before
{Heap before GC invocations=1 (full 0):
 garbage-first heap   total 260096K, used 92959K [0x00000000a0000000, 0x0000000100000000)
  region size 1024K, 87 young (89088K), 3 survivors (3072K)
 Metaspace       used 20601K, capacity 21119K, committed 21248K, reserved 1067008K
  class space    used 2530K, capacity 2693K, committed 2816K, reserved 1048576K
}
Event: 1.868 GC heap after
{Heap after GC invocations=2 (full 0):
 garbage-first heap   total 260096K, used 16492K [0x00000000a0000000, 0x0000000100000000)
  region size 1024K, 11 young (11264K), 11 survivors (11264K)
 Metaspace       used 20601K, capacity 21119K, committed 21248K, reserved 1067008K
  class space    used 2530K, capacity 2693K, committed 2816K, reserved 1048576K
}
Event: 2.250 GC heap before
{Heap before GC invocations=3 (full 0):
 garbage-first heap   total 260096K, used 55404K [0x00000000a0000000, 0x0000000100000000)
  region size 1024K, 50 young (51200K), 11 survivors (11264K)
 Metaspace       used 25172K, capacity 25752K, committed 25984K, reserved 1071104K
  class space    used 3261K, capacity 3453K, committed 3456K, reserved 1048576K
}
Event: 2.257 GC heap after
{Heap after GC invocations=4 (full 0):
 garbage-first heap   total 260096K, used 18054K [0x00000000a0000000, 0x0000000100000000)
  region size 1024K, 3 young (3072K), 3 survivors (3072K)
 Metaspace       used 25172K, capacity 25752K, committed 25984K, reserved 1071104K
  class space    used 3261K, capacity 3453K, committed 3456K, reserved 1048576K
}
Event: 2.942 GC heap before
{Heap before GC invocations=4 (full 0):
 garbage-first heap   total 260096K, used 79494K [0x00000000a0000000, 0x0000000100000000)
  region size 1024K, 62 young (63488K), 3 survivors (3072K)
 Metaspace       used 35014K, capacity 35715K, committed 35840K, reserved 1081344K
  class space    used 4514K, capacity 4775K, committed 4864K, reserved 1048576K
}
Event: 2.950 GC heap after
{Heap after GC invocations=5 (full 0):
 garbage-first heap   total 260096K, used 23678K [0x00000000a0000000, 0x0000000100000000)
  region size 1024K, 6 young (6144K), 6 survivors (6144K)
 Metaspace       used 35014K, capacity 35715K, committed 35840K, reserved 1081344K
  class space    used 4514K, capacity 4775K, committed 4864K, reserved 1048576K
}
Event: 4.055 GC heap before
{Heap before GC invocations=6 (full 0):
 garbage-first heap   total 260096K, used 132222K [0x00000000a0000000, 0x0000000100000000)
  region size 1024K, 112 young (114688K), 6 survivors (6144K)
 Metaspace       used 44135K, capacity 45238K, committed 45568K, reserved 1089536K
  class space    used 5660K, capacity 6027K, committed 6144K, reserved 1048576K
}
Event: 4.075 GC heap after
{Heap after GC invocations=7 (full 0):
 garbage-first heap   total 260096K, used 27852K [0x00000000a0000000, 0x0000000100000000)
  region size 1024K, 12 young (12288K), 12 survivors (12288K)
 Metaspace       used 44135K, capacity 45238K, committed 45568K, reserved 1089536K
  class space    used 5660K, capacity 6027K, committed 6144K, reserved 1048576K
}
Event: 5.183 GC heap before
{Heap before GC invocations=8 (full 0):
 garbage-first heap   total 260096K, used 167116K [0x00000000a0000000, 0x0000000100000000)
  region size 1024K, 142 young (145408K), 12 survivors (12288K)
 Metaspace       used 55465K, capacity 56826K, committed 56960K, reserved 1099776K
  class space    used 7056K, capacity 7552K, committed 7552K, reserved 1048576K
}
Event: 5.201 GC heap after
{Heap after GC invocations=9 (full 0):
 garbage-first heap   total 260096K, used 46503K [0x00000000a0000000, 0x0000000100000000)
  region size 1024K, 18 young (18432K), 18 survivors (18432K)
 Metaspace       used 55465K, capacity 56826K, committed 56960K, reserved 1099776K
  class space    used 7056K, capacity 7552K, committed 7552K, reserved 1048576K
}
Event: 6.446 GC heap before
{Heap before GC invocations=9 (full 0):
 garbage-first heap   total 260096K, used 183719K [0x00000000a0000000, 0x0000000100000000)
  region size 1024K, 152 young (155648K), 18 survivors (18432K)
 Metaspace       used 63152K, capacity 64855K, committed 64896K, reserved 1105920K
  class space    used 7991K, capacity 8557K, committed 8576K, reserved 1048576K
}
Event: 6.464 GC heap after
{Heap after GC invocations=10 (full 0):
 garbage-first heap   total 260096K, used 55953K [0x00000000a0000000, 0x0000000100000000)
  region size 1024K, 10 young (10240K), 10 survivors (10240K)
 Metaspace       used 63152K, capacity 64855K, committed 64896K, reserved 1105920K
  class space    used 7991K, capacity 8557K, committed 8576K, reserved 1048576K
}
Event: 7.717 GC heap before
{Heap before GC invocations=10 (full 0):
 garbage-first heap   total 260096K, used 195217K [0x00000000a0000000, 0x0000000100000000)
  region size 1024K, 146 young (149504K), 10 survivors (10240K)
 Metaspace       used 71523K, capacity 73676K, committed 73856K, reserved 1114112K
  class space    used 9281K, capacity 10047K, committed 10112K, reserved 1048576K
}
Event: 7.733 GC heap after
{Heap after GC invocations=11 (full 0):
 garbage-first heap   total 260096K, used 66304K [0x00000000a0000000, 0x0000000100000000)
  region size 1024K, 19 young (19456K), 19 survivors (19456K)
 Metaspace       used 71523K, capacity 73676K, committed 73856K, reserved 1114112K
  class space    used 9281K, capacity 10047K, committed 10112K, reserved 1048576K
}
Event: 8.243 GC heap before
{Heap before GC invocations=11 (full 0):
 garbage-first heap   total 260096K, used 112384K [0x00000000a0000000, 0x0000000100000000)
  region size 1024K, 66 young (67584K), 19 survivors (19456K)
 Metaspace       used 73277K, capacity 75840K, committed 75904K, reserved 1114112K
  class space    used 9503K, capacity 10305K, committed 10368K, reserved 1048576K
}
Event: 8.281 GC heap after
{Heap after GC invocations=12 (full 0):
 garbage-first heap   total 260096K, used 76458K [0x00000000a0000000, 0x0000000100000000)
  region size 1024K, 11 young (11264K), 11 survivors (11264K)
 Metaspace       used 73277K, capacity 75840K, committed 75904K, reserved 1114112K
  class space    used 9503K, capacity 10305K, committed 10368K, reserved 1048576K
}
Event: 9.620 GC heap before
{Heap before GC invocations=13 (full 0):
 garbage-first heap   total 260096K, used 182954K [0x00000000a0000000, 0x0000000100000000)
  region size 1024K, 110 young (112640K), 11 survivors (11264K)
 Metaspace       used 77286K, capacity 80554K, committed 80760K, reserved 1118208K
  class space    used 10111K, capacity 11110K, committed 11128K, reserved 1048576K
}
Event: 9.642 GC heap after
{Heap after GC invocations=14 (full 0):
 garbage-first heap   total 260096K, used 97280K [0x00000000a0000000, 0x0000000100000000)
  region size 1024K, 14 young (14336K), 14 survivors (14336K)
 Metaspace       used 77286K, capacity 80554K, committed 80760K, reserved 1118208K
  class space    used 10111K, capacity 11110K, committed 11128K, reserved 1048576K
}
Event: 10.940 GC heap before
{Heap before GC invocations=14 (full 0):
 garbage-first heap   total 260096K, used 191488K [0x00000000a0000000, 0x0000000100000000)
  region size 1024K, 103 young (105472K), 14 survivors (14336K)
 Metaspace       used 81629K, capacity 84985K, committed 85240K, reserved 1122304K
  class space    used 10687K, capacity 11737K, committed 11768K, reserved 1048576K
}
Event: 10.967 GC heap after
{Heap after GC invocations=15 (full 0):
 garbage-first heap   total 260096K, used 111563K [0x00000000a0000000, 0x0000000100000000)
  region size 1024K, 13 young (13312K), 13 survivors (13312K)
 Metaspace       used 81629K, capacity 84985K, committed 85240K, reserved 1122304K
  class space    used 10687K, capacity 11737K, committed 11768K, reserved 1048576K
}

